<?xml version="1.0" encoding="UTF-8"?>
<!-- Generated by org.testng.reporters.JUnitReportReporter -->
<testsuite skipped="0" hostname="DESKTOP-8T6JLM2" name="com.prestashop.tests.PositiveScenarios" tests="1" failures="0" timestamp="20 Jun 2018 16:26:18 GMT" time="16.628" errors="0">
  <testcase name="loginTest" time="16.628" classname="com.prestashop.tests.PositiveScenarios"/>
</testsuite> <!-- com.prestashop.tests.PositiveScenarios -->
