<?xml version="1.0" encoding="UTF-8"?>
<!-- Generated by org.testng.reporters.JUnitReportReporter -->
<testsuite skipped="0" hostname="DESKTOP-8T6JLM2" name="com.prestashop.tests.NegativeScenarios" tests="4" failures="0" timestamp="20 Jun 2018 14:04:44 GMT" time="34.560" errors="0">
  <testcase name="blankEmailTest" time="8.997" classname="com.prestashop.tests.NegativeScenarios"/>
  <testcase name="blankPasswordTest" time="9.163" classname="com.prestashop.tests.NegativeScenarios"/>
  <testcase name="invalidEmailTest" time="8.817" classname="com.prestashop.tests.NegativeScenarios"/>
  <testcase name="wrongCredentialsTest" time="7.583" classname="com.prestashop.tests.NegativeScenarios"/>
</testsuite> <!-- com.prestashop.tests.NegativeScenarios -->
